# Server version 0.08 running on 192.168.2.144:8123
# Game ID: 5
# Board class: pentago_twist.PentagoBoard
# Timeout: 20000
# First Move Timeout: 30000
# Date: Wed Apr 07 00:55:03 EDT 2021
# Player 1: Player-0, '260681550', running on 192.168.2.144
# Player 2: Player-1, 'RandomPlayer', running on 192.168.2.144
START Player-0 260681550
START Player-1 RandomPlayer
1 1 1 0 0
4 4 2 0 1
4 1 1 0 0
0 5 1 0 1
1 4 1 0 0
1 2 1 1 1
0 0 0 0 0
1 0 2 1 1
0 0 0 0 0
4 3 1 1 1
0 0 0 0 0
5 4 0 0 1
0 1 0 0 0
0 5 2 1 1
0 1 0 1 0
4 2 0 0 1
0 0 0 1 0
2 4 0 0 1
0 3 0 0 0
3 4 3 0 1
0 4 0 0 0
GAMEOVER WINNER 1
# Game ended: Wed Apr 07 00:55:03 EDT 2021
