# Server version 0.08 running on 192.168.2.144:8123
# Game ID: 2
# Board class: pentago_twist.PentagoBoard
# Timeout: 20000
# First Move Timeout: 30000
# Date: Wed Apr 07 00:54:48 EDT 2021
# Player 1: Player-0, 'RandomPlayer', running on 192.168.2.144
# Player 2: Player-1, '260681550', running on 192.168.2.144
START Player-0 RandomPlayer
START Player-1 260681550
1 0 2 0 0
1 1 1 0 1
0 2 1 0 0
4 1 1 0 1
4 0 0 1 0
1 4 1 0 1
1 5 2 1 0
0 1 0 0 1
5 4 1 1 0
0 0 0 0 1
4 4 0 0 0
0 0 0 0 1
4 5 2 1 0
0 3 1 0 1
3 5 0 0 0
0 1 0 0 1
5 5 0 0 0
0 2 0 0 1
3 4 3 0 0
0 3 0 0 1
3 1 0 0 0
0 1 1 0 1
3 4 3 0 0
0 3 1 0 1
0 3 2 1 0
0 4 1 0 1
3 0 0 0 0
0 4 1 0 1
5 5 0 1 0
1 3 2 1 1
GAMEOVER WINNER 1
# Game ended: Wed Apr 07 00:54:48 EDT 2021
